\BOOKMARK [1][-]{section.1}{Preparation for MacOS}{}% 1
\BOOKMARK [2][-]{subsection.1.1}{Xcode and Homebrew}{section.1}% 2
\BOOKMARK [2][-]{subsection.1.2}{Install dependencies by brew}{section.1}% 3
\BOOKMARK [2][-]{subsection.1.3}{Define some environmental variables}{section.1}% 4
\BOOKMARK [1][-]{section.2}{Sigproc/Sigpyproc Install on MacOs}{}% 5
\BOOKMARK [2][-]{subsection.2.1}{ Dependencies }{section.2}% 6
\BOOKMARK [2][-]{subsection.2.2}{Trick to install Sigproc on Mac}{section.2}% 7
\BOOKMARK [3][-]{subsubsection.2.2.1}{Source from Michael Keith's release}{subsection.2.2}% 8
\BOOKMARK [3][-]{subsubsection.2.2.2}{Other Choice}{subsection.2.2}% 9
\BOOKMARK [2][-]{subsection.2.3}{Use Sigproc and Sigpyproc}{section.2}% 10
\BOOKMARK [1][-]{section.3}{Presto install on Mac}{}% 11
\BOOKMARK [2][-]{subsection.3.1}{Dependencies}{section.3}% 12
\BOOKMARK [2][-]{subsection.3.2}{Trick to install Presto on Mac}{section.3}% 13
\BOOKMARK [2][-]{subsection.3.3}{Use Presto}{section.3}% 14
\BOOKMARK [1][-]{section.4}{Install Presto on Ubuntu}{}% 15
\BOOKMARK [2][-]{subsection.4.1}{Get dependencies ready}{section.4}% 16
\BOOKMARK [2][-]{subsection.4.2}{Install steps}{section.4}% 17
\BOOKMARK [2][-]{subsection.4.3}{Test Presto}{section.4}% 18
\BOOKMARK [1][-]{section.5}{Install Presto on Centos}{}% 19
\BOOKMARK [1][-]{section.6}{Common Problems}{}% 20
